2024-08-07 17:34:22,703 DEBUG    root            Loaded Command Group: ['gcloud', 'components']
2024-08-07 17:34:22,705 DEBUG    root            Loaded Command Group: ['gcloud', 'components', 'update']
2024-08-07 17:34:22,708 DEBUG    root            Running [gcloud.components.update] with arguments: [--quiet: "True", COMPONENT-IDS:8: "['gcloud', 'core', 'bq', 'gsutil', 'compute', 'preview', 'alpha', 'beta']"]
2024-08-07 17:34:22,709 INFO     ___FILE_ONLY___ Beginning update. This process may take several minutes.

2024-08-07 17:34:22,718 DEBUG    urllib3.connectionpool Starting new HTTPS connection (1): dl.google.com:443
2024-08-07 17:34:22,848 DEBUG    urllib3.connectionpool https://dl.google.com:443 "GET /dl/cloudsdk/channels/rapid/components-2.json HTTP/1.1" 200 223380
2024-08-07 17:34:22,868 WARNING  root            Component [compute] no longer exists.
2024-08-07 17:34:22,868 WARNING  root            Component [preview] no longer exists.
2024-08-07 17:34:22,869 INFO     ___FILE_ONLY___ 

2024-08-07 17:34:22,870 INFO     ___FILE_ONLY___ 
Your current Google Cloud CLI version is: 487.0.0

2024-08-07 17:34:22,870 INFO     ___FILE_ONLY___ Installing components from version: 487.0.0

2024-08-07 17:34:22,870 INFO     ___FILE_ONLY___ 

2024-08-07 17:34:22,870 DEBUG    root            Chosen display Format:table[box,title="These components will be removed."](details.display_name:label=Name:align=left,version.version_string:label=Version:align=right,data.size.size(zero="",min=1048576):label=Size:align=right)
2024-08-07 17:34:22,871 DEBUG    root            Chosen display Format:table[box,title="These components will be updated."](details.display_name:label=Name:align=left,version.version_string:label=Version:align=right,data.size.size(zero="",min=1048576):label=Size:align=right)
2024-08-07 17:34:22,872 DEBUG    root            Chosen display Format:table[box,title="These components will be installed."](details.display_name:label=Name:align=left,version.version_string:label=Version:align=right,data.size.size(zero="",min=1048576):label=Size:align=right)
2024-08-07 17:34:22,890 INFO     ___FILE_ONLY___ ┌──────────────────────────────────────────────┐
2024-08-07 17:34:22,890 INFO     ___FILE_ONLY___ 

2024-08-07 17:34:22,891 INFO     ___FILE_ONLY___ │     These components will be installed.      │
2024-08-07 17:34:22,891 INFO     ___FILE_ONLY___ 

2024-08-07 17:34:22,891 INFO     ___FILE_ONLY___ ├───────────────────────┬────────────┬─────────┤
2024-08-07 17:34:22,891 INFO     ___FILE_ONLY___ 

2024-08-07 17:34:22,891 INFO     ___FILE_ONLY___ │          Name         │  Version   │   Size  │
2024-08-07 17:34:22,891 INFO     ___FILE_ONLY___ 

2024-08-07 17:34:22,891 INFO     ___FILE_ONLY___ ├───────────────────────┼────────────┼─────────┤
2024-08-07 17:34:22,891 INFO     ___FILE_ONLY___ 

2024-08-07 17:34:22,891 INFO     ___FILE_ONLY___ │ 
2024-08-07 17:34:22,891 INFO     ___FILE_ONLY___ gcloud Alpha Commands
2024-08-07 17:34:22,891 INFO     ___FILE_ONLY___  
2024-08-07 17:34:22,891 INFO     ___FILE_ONLY___ │ 
2024-08-07 17:34:22,891 INFO     ___FILE_ONLY___ 2024.08.06
2024-08-07 17:34:22,891 INFO     ___FILE_ONLY___  
2024-08-07 17:34:22,892 INFO     ___FILE_ONLY___ │ 
2024-08-07 17:34:22,892 INFO     ___FILE_ONLY___ < 1 MiB
2024-08-07 17:34:22,892 INFO     ___FILE_ONLY___  
2024-08-07 17:34:22,892 INFO     ___FILE_ONLY___ │
2024-08-07 17:34:22,892 INFO     ___FILE_ONLY___ 

2024-08-07 17:34:22,892 INFO     ___FILE_ONLY___ │ 
2024-08-07 17:34:22,892 INFO     ___FILE_ONLY___ gcloud Beta Commands 
2024-08-07 17:34:22,892 INFO     ___FILE_ONLY___  
2024-08-07 17:34:22,892 INFO     ___FILE_ONLY___ │ 
2024-08-07 17:34:22,892 INFO     ___FILE_ONLY___ 2024.08.06
2024-08-07 17:34:22,892 INFO     ___FILE_ONLY___  
2024-08-07 17:34:22,892 INFO     ___FILE_ONLY___ │ 
2024-08-07 17:34:22,892 INFO     ___FILE_ONLY___ < 1 MiB
2024-08-07 17:34:22,893 INFO     ___FILE_ONLY___  
2024-08-07 17:34:22,893 INFO     ___FILE_ONLY___ │
2024-08-07 17:34:22,893 INFO     ___FILE_ONLY___ 

2024-08-07 17:34:22,893 INFO     ___FILE_ONLY___ └───────────────────────┴────────────┴─────────┘
2024-08-07 17:34:22,893 INFO     ___FILE_ONLY___ 

2024-08-07 17:34:22,893 INFO     ___FILE_ONLY___ 

2024-08-07 17:34:22,896 DEBUG    urllib3.connectionpool Starting new HTTPS connection (1): dl.google.com:443
2024-08-07 17:34:23,030 DEBUG    urllib3.connectionpool https://dl.google.com:443 "GET /dl/cloudsdk/channels/rapid/RELEASE_NOTES HTTP/1.1" 200 1252673
2024-08-07 17:34:23,109 INFO     ___FILE_ONLY___ For the latest full release notes, please visit:
  https://cloud.google.com/sdk/release_notes


2024-08-07 17:34:23,109 INFO     ___FILE_ONLY___ Performing in place update...


2024-08-07 17:34:23,111 INFO     ___FILE_ONLY___ ╔════════════════════════════════════════════════════════════╗

2024-08-07 17:34:23,111 INFO     ___FILE_ONLY___ ╠═ Downloading: gcloud Alpha Commands                       ═╣

2024-08-07 17:34:23,111 INFO     ___FILE_ONLY___ ╚
2024-08-07 17:34:23,115 DEBUG    urllib3.connectionpool Starting new HTTPS connection (1): dl.google.com:443
2024-08-07 17:34:23,187 DEBUG    urllib3.connectionpool https://dl.google.com:443 "GET /dl/cloudsdk/channels/rapid/components/google-cloud-sdk-alpha-20240806142304.tar.gz HTTP/1.1" 200 800
2024-08-07 17:34:23,188 INFO     ___FILE_ONLY___ ════════════════════════════════════════════════════════════
2024-08-07 17:34:23,188 INFO     ___FILE_ONLY___ ╝

2024-08-07 17:34:23,190 INFO     ___FILE_ONLY___ ╔════════════════════════════════════════════════════════════╗

2024-08-07 17:34:23,190 INFO     ___FILE_ONLY___ ╠═ Downloading: gcloud Beta Commands                        ═╣

2024-08-07 17:34:23,190 INFO     ___FILE_ONLY___ ╚
2024-08-07 17:34:23,193 DEBUG    urllib3.connectionpool Starting new HTTPS connection (1): dl.google.com:443
2024-08-07 17:34:23,324 DEBUG    urllib3.connectionpool https://dl.google.com:443 "GET /dl/cloudsdk/channels/rapid/components/google-cloud-sdk-beta-20240806142304.tar.gz HTTP/1.1" 200 797
2024-08-07 17:34:23,325 INFO     ___FILE_ONLY___ ════════════════════════════════════════════════════════════
2024-08-07 17:34:23,325 INFO     ___FILE_ONLY___ ╝

2024-08-07 17:34:23,327 INFO     ___FILE_ONLY___ ╔════════════════════════════════════════════════════════════╗

2024-08-07 17:34:23,328 INFO     ___FILE_ONLY___ ╠═ Installing: gcloud Alpha Commands                        ═╣

2024-08-07 17:34:23,328 INFO     ___FILE_ONLY___ ╚
2024-08-07 17:34:23,329 INFO     ___FILE_ONLY___ ════════════════════════════════════════════════════════════
2024-08-07 17:34:23,329 INFO     ___FILE_ONLY___ ╝

2024-08-07 17:34:23,338 INFO     ___FILE_ONLY___ ╔════════════════════════════════════════════════════════════╗

2024-08-07 17:34:23,338 INFO     ___FILE_ONLY___ ╠═ Installing: gcloud Beta Commands                         ═╣

2024-08-07 17:34:23,338 INFO     ___FILE_ONLY___ ╚
2024-08-07 17:34:23,339 INFO     ___FILE_ONLY___ ════════════════════════════════════════════════════════════
2024-08-07 17:34:23,339 INFO     ___FILE_ONLY___ ╝

2024-08-07 17:34:23,348 DEBUG    root            Updating notification cache...
2024-08-07 17:34:23,349 INFO     ___FILE_ONLY___ 

2024-08-07 17:34:23,351 INFO     ___FILE_ONLY___ Performing post processing steps...
2024-08-07 17:34:23,351 DEBUG    root            Executing command: ['/tools/google-cloud-sdk/bin/gcloud', 'components', 'post-process']
2024-08-07 17:34:34,352 DEBUG    ___FILE_ONLY___ 
2024-08-07 17:34:34,352 DEBUG    ___FILE_ONLY___ 
2024-08-07 17:34:34,374 INFO     ___FILE_ONLY___ 
Update done!


2024-08-07 17:34:34,377 DEBUG    root            Chosen display Format:none
2024-08-07 17:34:34,378 INFO     root            Display format: "none"
